67/app/build/intermediates/manifest_merge_blame_file/debug/processDebugMainManifest/manifest-merger-blame-debug-report.txt
1<?xml version="1.0" encoding="utf-8"?>
2<manifest xmlns:android="http://schemas.android.com/apk/res/android"
3    package="com.app.sixtyseven"
4    android:versionCode="1"
5    android:versionName="1.0" >
6
7    <uses-sdk
8        android:minSdkVersion="29"
9        android:targetSdkVersion="34" />
10
11    <!-- Bluetooth permissions for glasses connection -->
12    <uses-permission android:name="android.permission.BLUETOOTH" />
12-->src/main/AndroidManifest.xml:5:5-68
12-->src/main/AndroidManifest.xml:5:22-65
13    <uses-permission android:name="android.permission.BLUETOOTH_ADMIN" />
13-->src/main/AndroidManifest.xml:6:5-74
13-->src/main/AndroidManifest.xml:6:22-71
14    <uses-permission android:name="android.permission.BLUETOOTH_CONNECT" />
14-->src/main/AndroidManifest.xml:7:5-76
14-->src/main/AndroidManifest.xml:7:22-73
15    <uses-permission android:name="android.permission.BLUETOOTH_SCAN" />
15-->src/main/AndroidManifest.xml:8:5-73
15-->src/main/AndroidManifest.xml:8:22-70
16    <uses-permission android:name="android.permission.MODIFY_AUDIO_SETTINGS" />
16-->src/main/AndroidManifest.xml:9:5-80
16-->src/main/AndroidManifest.xml:9:22-77
17
18    <!-- Network for API calls -->
19    <uses-permission android:name="android.permission.INTERNET" />
19-->src/main/AndroidManifest.xml:12:5-67
19-->src/main/AndroidManifest.xml:12:22-64
20    <uses-permission android:name="android.permission.ACCESS_NETWORK_STATE" />
20-->src/main/AndroidManifest.xml:13:5-79
20-->src/main/AndroidManifest.xml:13:22-76
21
22    <!-- Audio recording for voice trigger and capture -->
23    <uses-permission android:name="android.permission.RECORD_AUDIO" />
23-->src/main/AndroidManifest.xml:16:5-71
23-->src/main/AndroidManifest.xml:16:22-68
24
25    <queries>
25-->[com.meta.wearable:mwdat-camera:0.3.0] AndroidManifest.xml:15:5-18:15
26        <package android:name="com.facebook.stella" />
26-->[com.meta.wearable:mwdat-camera:0.3.0] AndroidManifest.xml:16:9-55
26-->[com.meta.wearable:mwdat-camera:0.3.0] AndroidManifest.xml:16:18-52
27        <package android:name="com.facebook.stella_debug" />
27-->[com.meta.wearable:mwdat-camera:0.3.0] AndroidManifest.xml:17:9-61
27-->[com.meta.wearable:mwdat-camera:0.3.0] AndroidManifest.xml:17:18-58
28    </queries>
29
30    <permission
30-->[com.meta.wearable:mwdat-camera:0.3.0] AndroidManifest.xml:20:5-22:47
31        android:name="com.app.sixtyseven.DYNAMIC_RECEIVER_NOT_EXPORTED_PERMISSION"
31-->[com.meta.wearable:mwdat-camera:0.3.0] AndroidManifest.xml:21:9-81
32        android:protectionLevel="signature" />
32-->[com.meta.wearable:mwdat-camera:0.3.0] AndroidManifest.xml:22:9-44
33
34    <uses-permission android:name="com.app.sixtyseven.DYNAMIC_RECEIVER_NOT_EXPORTED_PERMISSION" />
34-->[com.meta.wearable:mwdat-camera:0.3.0] AndroidManifest.xml:24:5-97
34-->[com.meta.wearable:mwdat-camera:0.3.0] AndroidManifest.xml:24:22-94
35
36    <application
36-->src/main/AndroidManifest.xml:18:5-49:19
37        android:name="com.app.sixtyseven.SixtySevenApp"
37-->src/main/AndroidManifest.xml:19:9-38
38        android:allowBackup="true"
38-->src/main/AndroidManifest.xml:20:9-35
39        android:appComponentFactory="androidx.core.app.CoreComponentFactory"
39-->[com.meta.wearable:mwdat-camera:0.3.0] AndroidManifest.xml:26:18-86
40        android:debuggable="true"
41        android:extractNativeLibs="false"
42        android:icon="@android:drawable/ic_menu_camera"
42-->src/main/AndroidManifest.xml:21:9-56
43        android:label="@string/app_name"
43-->src/main/AndroidManifest.xml:22:9-41
44        android:supportsRtl="true"
44-->src/main/AndroidManifest.xml:23:9-35
45        android:testOnly="true"
46        android:theme="@style/Theme.SixtySeven" >
46-->src/main/AndroidManifest.xml:24:9-48
47
48        <!-- Meta WDA SDK Application ID -->
49        <!-- Set to 0 for Developer Mode, or your registered app ID from Wearables Developer Center -->
50        <meta-data
50-->src/main/AndroidManifest.xml:28:9-30:33
51            android:name="com.meta.wearable.mwdat.APPLICATION_ID"
51-->src/main/AndroidManifest.xml:29:13-66
52            android:value="0" />
52-->src/main/AndroidManifest.xml:30:13-30
53
54        <activity
54-->src/main/AndroidManifest.xml:32:9-47:20
55            android:name="com.app.sixtyseven.MainActivity"
55-->src/main/AndroidManifest.xml:33:13-41
56            android:exported="true"
56-->src/main/AndroidManifest.xml:34:13-36
57            android:screenOrientation="portrait" >
57-->src/main/AndroidManifest.xml:35:13-49
58            <intent-filter>
58-->src/main/AndroidManifest.xml:36:13-39:29
59                <action android:name="android.intent.action.MAIN" />
59-->src/main/AndroidManifest.xml:37:17-69
59-->src/main/AndroidManifest.xml:37:25-66
60
61                <category android:name="android.intent.category.LAUNCHER" />
61-->src/main/AndroidManifest.xml:38:17-77
61-->src/main/AndroidManifest.xml:38:27-74
62            </intent-filter>
63            <!-- Deep link for Meta AI app callback -->
64            <intent-filter>
64-->src/main/AndroidManifest.xml:41:13-46:29
65                <action android:name="android.intent.action.VIEW" />
65-->src/main/AndroidManifest.xml:42:17-69
65-->src/main/AndroidManifest.xml:42:25-66
66
67                <category android:name="android.intent.category.BROWSABLE" />
67-->src/main/AndroidManifest.xml:43:17-78
67-->src/main/AndroidManifest.xml:43:27-75
68                <category android:name="android.intent.category.DEFAULT" />
68-->src/main/AndroidManifest.xml:44:17-76
68-->src/main/AndroidManifest.xml:44:27-73
69
70                <data android:scheme="sixtyseven" />
70-->src/main/AndroidManifest.xml:45:17-53
70-->src/main/AndroidManifest.xml:45:23-50
71            </intent-filter>
72        </activity>
73
74        <service
74-->[com.meta.wearable:mwdat-camera:0.3.0] AndroidManifest.xml:27:9-35:19
75            android:name="com.meta.wearable.acdc.sdk.service.ACDCRegistrationService"
75-->[com.meta.wearable:mwdat-camera:0.3.0] AndroidManifest.xml:28:13-86
76            android:exported="true" >
76-->[com.meta.wearable:mwdat-camera:0.3.0] AndroidManifest.xml:29:13-36
77            <intent-filter>
77-->[com.meta.wearable:mwdat-camera:0.3.0] AndroidManifest.xml:30:13-34:29
78                <action android:name="com.meta.wearable.acdc.sdk.service.ACDCRegistrationService.BIND" />
78-->[com.meta.wearable:mwdat-camera:0.3.0] AndroidManifest.xml:31:17-106
78-->[com.meta.wearable:mwdat-camera:0.3.0] AndroidManifest.xml:31:25-103
79
80                <category android:name="android.intent.category.DEFAULT" />
80-->src/main/AndroidManifest.xml:44:17-76
80-->src/main/AndroidManifest.xml:44:27-73
81            </intent-filter>
82        </service>
83
84        <provider
84-->[com.meta.wearable:mwdat-camera:0.3.0] AndroidManifest.xml:37:9-50:20
85            android:name="androidx.startup.InitializationProvider"
85-->[com.meta.wearable:mwdat-camera:0.3.0] AndroidManifest.xml:38:13-67
86            android:authorities="com.app.sixtyseven.androidx-startup"
86-->[com.meta.wearable:mwdat-camera:0.3.0] AndroidManifest.xml:39:13-68
87            android:exported="false" >
87-->[com.meta.wearable:mwdat-camera:0.3.0] AndroidManifest.xml:40:13-37
88            <meta-data
88-->[com.meta.wearable:mwdat-camera:0.3.0] AndroidManifest.xml:41:13-43:52
89                android:name="androidx.emoji2.text.EmojiCompatInitializer"
89-->[com.meta.wearable:mwdat-camera:0.3.0] AndroidManifest.xml:42:17-75
90                android:value="androidx.startup" />
90-->[com.meta.wearable:mwdat-camera:0.3.0] AndroidManifest.xml:43:17-49
91            <meta-data
91-->[com.meta.wearable:mwdat-camera:0.3.0] AndroidManifest.xml:44:13-46:52
92                android:name="androidx.profileinstaller.ProfileInstallerInitializer"
92-->[com.meta.wearable:mwdat-camera:0.3.0] AndroidManifest.xml:45:17-85
93                android:value="androidx.startup" />
93-->[com.meta.wearable:mwdat-camera:0.3.0] AndroidManifest.xml:46:17-49
94            <meta-data
94-->[com.meta.wearable:mwdat-camera:0.3.0] AndroidManifest.xml:47:13-49:52
95                android:name="androidx.lifecycle.ProcessLifecycleInitializer"
95-->[com.meta.wearable:mwdat-camera:0.3.0] AndroidManifest.xml:48:17-78
96                android:value="androidx.startup" />
96-->[com.meta.wearable:mwdat-camera:0.3.0] AndroidManifest.xml:49:17-49
97        </provider>
98
99        <receiver
99-->[com.meta.wearable:mwdat-camera:0.3.0] AndroidManifest.xml:52:9-70:20
100            android:name="androidx.profileinstaller.ProfileInstallReceiver"
100-->[com.meta.wearable:mwdat-camera:0.3.0] AndroidManifest.xml:53:13-76
101            android:directBootAware="false"
101-->[com.meta.wearable:mwdat-camera:0.3.0] AndroidManifest.xml:54:13-44
102            android:enabled="true"
102-->[com.meta.wearable:mwdat-camera:0.3.0] AndroidManifest.xml:55:13-35
103            android:exported="true"
103-->[com.meta.wearable:mwdat-camera:0.3.0] AndroidManifest.xml:56:13-36
104            android:permission="android.permission.DUMP" >
104-->[com.meta.wearable:mwdat-camera:0.3.0] AndroidManifest.xml:57:13-57
105            <intent-filter>
105-->[com.meta.wearable:mwdat-camera:0.3.0] AndroidManifest.xml:58:13-60:29
106                <action android:name="androidx.profileinstaller.action.INSTALL_PROFILE" />
106-->[com.meta.wearable:mwdat-camera:0.3.0] AndroidManifest.xml:59:17-91
106-->[com.meta.wearable:mwdat-camera:0.3.0] AndroidManifest.xml:59:25-88
107            </intent-filter>
108            <intent-filter>
108-->[com.meta.wearable:mwdat-camera:0.3.0] AndroidManifest.xml:61:13-63:29
109                <action android:name="androidx.profileinstaller.action.SKIP_FILE" />
109-->[com.meta.wearable:mwdat-camera:0.3.0] AndroidManifest.xml:62:17-85
109-->[com.meta.wearable:mwdat-camera:0.3.0] AndroidManifest.xml:62:25-82
110            </intent-filter>
111            <intent-filter>
111-->[com.meta.wearable:mwdat-camera:0.3.0] AndroidManifest.xml:64:13-66:29
112                <action android:name="androidx.profileinstaller.action.SAVE_PROFILE" />
112-->[com.meta.wearable:mwdat-camera:0.3.0] AndroidManifest.xml:65:17-88
112-->[com.meta.wearable:mwdat-camera:0.3.0] AndroidManifest.xml:65:25-85
113            </intent-filter>
114            <intent-filter>
114-->[com.meta.wearable:mwdat-camera:0.3.0] AndroidManifest.xml:67:13-69:29
115                <action android:name="androidx.profileinstaller.action.BENCHMARK_OPERATION" />
115-->[com.meta.wearable:mwdat-camera:0.3.0] AndroidManifest.xml:68:17-95
115-->[com.meta.wearable:mwdat-camera:0.3.0] AndroidManifest.xml:68:25-92
116            </intent-filter>
117        </receiver>
118
119        <meta-data
119-->[com.facebook.soloader:soloader:0.12.1] AndroidManifest.xml:12:9-14:37
120            android:name="com.facebook.soloader.enabled"
120-->[com.facebook.soloader:soloader:0.12.1] AndroidManifest.xml:13:13-57
121            android:value="false" />
121-->[com.facebook.soloader:soloader:0.12.1] AndroidManifest.xml:14:13-34
122    </application>
123
124</manifest>